; ModuleID = 'calculator'
source_filename = "calculator"

@format_int = private unnamed_addr constant [4 x i8] c"%d\0A\00", align 1
@format_float = private unnamed_addr constant [4 x i8] c"%f\0A\00", align 1
@format_int.1 = private unnamed_addr constant [4 x i8] c"%d\0A\00", align 1
@format_float.2 = private unnamed_addr constant [4 x i8] c"%f\0A\00", align 1
@format_int.3 = private unnamed_addr constant [4 x i8] c"%d\0A\00", align 1
@format_float.4 = private unnamed_addr constant [4 x i8] c"%f\0A\00", align 1
@format_float.5 = private unnamed_addr constant [4 x i8] c"%f\0A\00", align 1
@format_float.6 = private unnamed_addr constant [4 x i8] c"%f\0A\00", align 1

declare i32 @printf(...)

declare double @pow(double, double)

define void @main() {
entrypoint:
  %a = alloca i32
  store i32 10, i32* %a
  %a1 = load i32, i32* %a
  %neg = mul i32 -1, %a1
  %mul = mul i32 %neg, 10
  %printf = call i32 (...) @printf(i8* getelementptr inbounds ([4 x i8], [4 x i8]* @format_int, i32 0, i32 0), i32 %mul)
  %printf2 = call i32 (...) @printf(i8* getelementptr inbounds ([4 x i8], [4 x i8]* @format_float, i32 0, i32 0), double 1.050000e+01)
  %printf3 = call i32 (...) @printf(i8* getelementptr inbounds ([4 x i8], [4 x i8]* @format_int.1, i32 0, i32 0), i32 11)
  %b = alloca double
  store double 1.800000e+00, double* %b
  %b4 = load double, double* %b
  %printf5 = call i32 (...) @printf(i8* getelementptr inbounds ([4 x i8], [4 x i8]* @format_float.2, i32 0, i32 0), double %b4)
  %c = alloca i32
  store i32 8, i32* %c
  %c6 = load i32, i32* %c
  %printf7 = call i32 (...) @printf(i8* getelementptr inbounds ([4 x i8], [4 x i8]* @format_int.3, i32 0, i32 0), i32 %c6)
  %b8 = alloca double
  store double 1.300000e+01, double* %b8
  %b9 = load double, double* %b8
  %fneg = fmul double -1.000000e+00, %b9
  %printf10 = call i32 (...) @printf(i8* getelementptr inbounds ([4 x i8], [4 x i8]* @format_float.4, i32 0, i32 0), double %fneg)
  %pow = call double @pow(double 2.000000e+00, double 4.000000e+00)
  %printf11 = call i32 (...) @printf(i8* getelementptr inbounds ([4 x i8], [4 x i8]* @format_float.5, i32 0, i32 0), double %pow)
  %pow12 = call double @pow(double 2.000000e+00, double 3.000000e+00)
  %printf13 = call i32 (...) @printf(i8* getelementptr inbounds ([4 x i8], [4 x i8]* @format_float.6, i32 0, i32 0), double %pow12)
  ret void
}
